<?xml version="1.0" encoding="UTF-8"?>
<testsuite xmlns:xsi="http://www.w3.org/2001/XMLSchema-instance" xsi:schemaLocation="https://maven.apache.org/surefire/maven-surefire-plugin/xsd/surefire-test-report.xsd" name="TestSuite" time="4.78" tests="2" errors="0" skipped="0" failures="0">
  <properties>
[...]
</properties>
  <testcase name="searchExistingOwner" classname="com.petclinic.pages.Owners" time="0.351"/>
  <testcase name="searchOwnerEmptyString" classname="com.petclinic.pages.Owners" time="0.305"/>
</testsuite>