<?xml version="1.0" encoding="UTF-8"?>
<testng-results ignored="0" total="2" passed="2" failed="0" skipped="0">
  <reporter-output>
  </reporter-output>
  <suite started-at="2022-01-26T22:56:17 CET" name="tests-suite" finished-at="2022-01-26T22:56:18 CET" duration-ms="1130">
    <groups>
    </groups>
    <test started-at="2022-01-26T22:56:17 CET" name="Test Basics 1" finished-at="2022-01-26T22:56:18 CET" duration-ms="1130">
      <class name="com.petclinic.pages.Owners">
        <test-method is-config="true" signature="beforeSuiteSetUpEnvironments()[pri:0, instance:com.petclinic.pages.Owners@25d250c6]" started-at="2022-01-26T22:56:14 CET" name="beforeSuiteSetUpEnvironments" finished-at="2022-01-26T22:56:17 CET" duration-ms="3059" status="PASS">
          <reporter-output>
          </reporter-output>
        </test-method> <!-- beforeSuiteSetUpEnvironments -->
        <test-method is-config="true" signature="BeforeClassOfOwners()[pri:0, instance:com.petclinic.pages.Owners@25d250c6]" started-at="2022-01-26T22:56:17 CET" name="BeforeClassOfOwners" finished-at="2022-01-26T22:56:17 CET" duration-ms="1" status="PASS">
          <reporter-output>
          </reporter-output>
        </test-method> <!-- BeforeClassOfOwners -->
        <test-method is-config="true" signature="BeforeMethodOfOwners()[pri:0, instance:com.petclinic.pages.Owners@25d250c6]" started-at="2022-01-26T22:56:17 CET" name="BeforeMethodOfOwners" finished-at="2022-01-26T22:56:17 CET" duration-ms="287" status="PASS">
          <reporter-output>
          </reporter-output>
        </test-method> <!-- BeforeMethodOfOwners -->
        <test-method signature="searchExistingOwner()[pri:0, instance:com.petclinic.pages.Owners@25d250c6]" started-at="2022-01-26T22:56:17 CET" name="searchExistingOwner" finished-at="2022-01-26T22:56:18 CET" duration-ms="352" status="PASS">
          <reporter-output>
          </reporter-output>
        </test-method> <!-- searchExistingOwner -->
        <test-method is-config="true" signature="BeforeMethodOfOwners()[pri:0, instance:com.petclinic.pages.Owners@25d250c6]" started-at="2022-01-26T22:56:18 CET" name="BeforeMethodOfOwners" finished-at="2022-01-26T22:56:18 CET" duration-ms="143" status="PASS">
          <reporter-output>
          </reporter-output>
        </test-method> <!-- BeforeMethodOfOwners -->
        <test-method signature="searchOwnerEmptyString()[pri:0, instance:com.petclinic.pages.Owners@25d250c6]" started-at="2022-01-26T22:56:18 CET" name="searchOwnerEmptyString" finished-at="2022-01-26T22:56:18 CET" duration-ms="305" status="PASS">
          <reporter-output>
          </reporter-output>
        </test-method> <!-- searchOwnerEmptyString -->
      </class> <!-- com.petclinic.pages.Owners -->
    </test> <!-- Test Basics 1 -->
  </suite> <!-- tests-suite -->
</testng-results>
