<?xml version="1.0" encoding="UTF-8"?>
<testsuite xmlns:xsi="http://www.w3.org/2001/XMLSchema-instance" xsi:schemaLocation="https://maven.apache.org/surefire/maven-surefire-plugin/xsd/surefire-test-report.xsd" name="TestSuite" time="12.444" tests="9" errors="0" skipped="0" failures="4">
  <properties>
[...]
</properties>
  <testcase name="searchExistingOwner" classname="com.petclinic.pages.SearchOwners" time="0.259">
    <failure message="expected [true] but found [false]" type="java.lang.AssertionError">java.lang.AssertionError: expected [true] but found [false]
	at com.petclinic.pages.SearchOwners.searchExistingOwner(SearchOwners.java:71)
</failure>
    <system-err><![CDATA[Jan 29, 2022 7:19:45 PM io.github.bonigarcia.wdm.WebDriverManager setup
INFO: Please answer the following questionnaire based on your experience with WebDriverManager. Thanks a lot!
Jan 29, 2022 7:19:45 PM io.github.bonigarcia.wdm.WebDriverManager setup
INFO: ====> http://tiny.cc/wdm-survey <====
Jan 29, 2022 7:19:45 PM io.github.bonigarcia.wdm.WebDriverManager exportDriver
INFO: Exporting webdriver.chrome.driver as C:\Users\maxou\.m2\repository\webdriver\chromedriver\win32\97.0.4692.71\chromedriver.exe
Starting ChromeDriver 97.0.4692.71 (adefa7837d02a07a604c1e6eff0b3a09422ab88d-refs/branch-heads/4692@{#1247}) on port 10923
Only local connections are allowed.
Please see https://chromedriver.chromium.org/security-considerations for suggestions on keeping ChromeDriver safe.
ChromeDriver was started successfully.
Jan 29, 2022 7:19:48 PM org.openqa.selenium.remote.ProtocolHandshake createSession
INFO: Detected dialect: W3C
Jan 29, 2022 7:19:48 PM org.openqa.selenium.devtools.CdpVersionFinder findNearestMatch
WARNING: Unable to find an exact match for CDP version 97, so returning the closest version found: 93
Jan 29, 2022 7:19:48 PM org.openqa.selenium.devtools.CdpVersionFinder findNearestMatch
INFO: Found CDP implementation for version 97 of 93
Jan 29, 2022 7:19:48 PM io.github.bonigarcia.wdm.WebDriverManager setup
INFO: Please answer the following questionnaire based on your experience with WebDriverManager. Thanks a lot!
Jan 29, 2022 7:19:48 PM io.github.bonigarcia.wdm.WebDriverManager setup
INFO: ====> http://tiny.cc/wdm-survey <====
Jan 29, 2022 7:19:48 PM io.github.bonigarcia.wdm.WebDriverManager exportDriver
INFO: Exporting webdriver.chrome.driver as C:\Users\maxou\.m2\repository\webdriver\chromedriver\win32\97.0.4692.71\chromedriver.exe
Starting ChromeDriver 97.0.4692.71 (adefa7837d02a07a604c1e6eff0b3a09422ab88d-refs/branch-heads/4692@{#1247}) on port 25038
Only local connections are allowed.
Please see https://chromedriver.chromium.org/security-considerations for suggestions on keeping ChromeDriver safe.
ChromeDriver was started successfully.
Jan 29, 2022 7:19:49 PM org.openqa.selenium.remote.ProtocolHandshake createSession
INFO: Detected dialect: W3C
Jan 29, 2022 7:19:49 PM org.openqa.selenium.devtools.CdpVersionFinder findNearestMatch
WARNING: Unable to find an exact match for CDP version 97, so returning the closest version found: 93
Jan 29, 2022 7:19:49 PM org.openqa.selenium.devtools.CdpVersionFinder findNearestMatch
INFO: Found CDP implementation for version 97 of 93
]]></system-err>
  </testcase>
  <testcase name="searchExistingOwnersWithTemplate" classname="com.petclinic.pages.SearchOwners" time="0.249"/>
  <testcase name="searchNonExistentOwner" classname="com.petclinic.pages.SearchOwners" time="0.226"/>
  <testcase name="searchOwnerEmptyString" classname="com.petclinic.pages.SearchOwners" time="0.207"/>
  <testcase name="addOwner" classname="com.petclinic.pages.CreateOwners" time="0.567"/>
  <testcase name="addOwnerNonNumericalPhone" classname="com.petclinic.pages.CreateOwners" time="0.562">
    <failure message="expected [true] but found [false]" type="java.lang.AssertionError">java.lang.AssertionError: expected [true] but found [false]
	at com.petclinic.pages.CreateOwners.addOwnerNonNumericalPhone(CreateOwners.java:137)
</failure>
  </testcase>
  <testcase name="addOwnerNumericalName" classname="com.petclinic.pages.CreateOwners" time="0.493">
    <failure message="no such element: Unable to locate element: {&quot;method&quot;:&quot;xpath&quot;,&quot;selector&quot;:&quot;//*[@id=&quot;add-owner-form&quot;]/div[1]/div[1]/div/span[2]&quot;}&#10;  (Session info: chrome=97.0.4692.99)&#10;For documentation on this error, please visit: https://selenium.dev/exceptions/#no_such_element&#10;Build info: version: &apos;4.0.0-rc-1&apos;, revision: &apos;bc5511cbda&apos;&#10;System info: host: &apos;DESKTOP-QAC0OS2&apos;, ip: &apos;192.168.147.163&apos;, os.name: &apos;Windows 10&apos;, os.arch: &apos;amd64&apos;, os.version: &apos;10.0&apos;, java.version: &apos;13.0.2&apos;&#10;Driver info: org.openqa.selenium.chrome.ChromeDriver&#10;Command: [f7b41b71a43c4adf295db8476fbf872b, findElement {using=xpath, value=//*[@id=&quot;add-owner-form&quot;]/div[1]/div[1]/div/span[2]}]&#10;Capabilities {acceptInsecureCerts: false, browserName: chrome, browserVersion: 97.0.4692.99, chrome: {chromedriverVersion: 97.0.4692.71 (adefa7837d02a..., userDataDir: C:\Users\maxou\AppData\Loca...}, goog:chromeOptions: {debuggerAddress: localhost:62869}, javascriptEnabled: true, networkConnectionEnabled: false, pageLoadStrategy: normal, platform: WINDOWS, platformName: WINDOWS, proxy: Proxy(), se:cdp: ws://localhost:62869/devtoo..., se:cdpVersion: 97.0.4692.99, setWindowRect: true, strictFileInteractability: false, timeouts: {implicit: 0, pageLoad: 300000, script: 30000}, unhandledPromptBehavior: dismiss and notify, webauthn:extension:credBlob: true, webauthn:extension:largeBlob: true, webauthn:virtualAuthenticators: true}&#10;Session ID: f7b41b71a43c4adf295db8476fbf872b" type="org.openqa.selenium.NoSuchElementException">org.openqa.selenium.NoSuchElementException: 
no such element: Unable to locate element: {"method":"xpath","selector":"//*[@id="add-owner-form"]/div[1]/div[1]/div/span[2]"}
  (Session info: chrome=97.0.4692.99)
For documentation on this error, please visit: https://selenium.dev/exceptions/#no_such_element
Build info: version: '4.0.0-rc-1', revision: 'bc5511cbda'
System info: host: 'DESKTOP-QAC0OS2', ip: '192.168.147.163', os.name: 'Windows 10', os.arch: 'amd64', os.version: '10.0', java.version: '13.0.2'
Driver info: org.openqa.selenium.chrome.ChromeDriver
Command: [f7b41b71a43c4adf295db8476fbf872b, findElement {using=xpath, value=//*[@id="add-owner-form"]/div[1]/div[1]/div/span[2]}]
Capabilities {acceptInsecureCerts: false, browserName: chrome, browserVersion: 97.0.4692.99, chrome: {chromedriverVersion: 97.0.4692.71 (adefa7837d02a..., userDataDir: C:\Users\maxou\AppData\Loca...}, goog:chromeOptions: {debuggerAddress: localhost:62869}, javascriptEnabled: true, networkConnectionEnabled: false, pageLoadStrategy: normal, platform: WINDOWS, platformName: WINDOWS, proxy: Proxy(), se:cdp: ws://localhost:62869/devtoo..., se:cdpVersion: 97.0.4692.99, setWindowRect: true, strictFileInteractability: false, timeouts: {implicit: 0, pageLoad: 300000, script: 30000}, unhandledPromptBehavior: dismiss and notify, webauthn:extension:credBlob: true, webauthn:extension:largeBlob: true, webauthn:virtualAuthenticators: true}
Session ID: f7b41b71a43c4adf295db8476fbf872b
	at com.petclinic.pages.CreateOwners.addOwnerNumericalName(CreateOwners.java:116)
</failure>
  </testcase>
  <testcase name="addPet" classname="com.petclinic.pages.CreateOwners" time="0.554"/>
  <testcase name="editOwner" classname="com.petclinic.pages.CreateOwners" time="0.579">
    <failure message="expected [true] but found [false]" type="java.lang.AssertionError">java.lang.AssertionError: expected [true] but found [false]
	at com.petclinic.pages.CreateOwners.editOwner(CreateOwners.java:193)
</failure>
  </testcase>
</testsuite>